Base path: /Applications/Unity/Unity.app/Contents
Pipe name: \\.\pipe\UnityShaderCompiler-64bit-1-2029609728
Cmd: getPlatforms
Cmd: compileSnippet
  api=0 type=0 insize=1705 outsize=541 kw=SOFTPARTICLES_OFF pd= ok=1
Cmd: compileSnippet
  api=0 type=1 insize=1705 outsize=6 kw=SOFTPARTICLES_OFF pd= ok=1
Cmd: compileSnippet
  api=0 type=0 insize=1470 outsize=583 kw= pd= ok=1
Cmd: compileSnippet
  api=0 type=1 insize=1470 outsize=6 kw= pd= ok=1
Cmd: compileSnippet
  api=0 type=0 insize=982 outsize=10233 kw=DIRECTIONAL SHADOWS_OFF LIGHTMAP_OFF DIRLIGHTMAP_OFF DYNAMICLIGHTMAP_OFF _EMISSION pd= ok=1
Cmd: compileSnippet
  api=0 type=1 insize=982 outsize=6 kw=DIRECTIONAL SHADOWS_OFF LIGHTMAP_OFF DIRLIGHTMAP_OFF DYNAMICLIGHTMAP_OFF _EMISSION pd= ok=1
Cmd: compileSnippet
  api=0 type=0 insize=982 outsize=11598 kw=DIRECTIONAL SHADOWS_OFF LIGHTMAP_OFF DIRLIGHTMAP_OFF DYNAMICLIGHTMAP_OFF _NORMALMAP pd= ok=1
Cmd: compileSnippet
  api=0 type=1 insize=982 outsize=6 kw=DIRECTIONAL SHADOWS_OFF LIGHTMAP_OFF DIRLIGHTMAP_OFF DYNAMICLIGHTMAP_OFF _NORMALMAP pd= ok=1
Cmd: compileSnippet
  api=0 type=0 insize=938 outsize=6166 kw=DIRECTIONAL SHADOWS_OFF _NORMALMAP pd= ok=1
Cmd: compileSnippet
  api=0 type=1 insize=938 outsize=6 kw=DIRECTIONAL SHADOWS_OFF _NORMALMAP pd= ok=1
Cmd: compileSnippet
  api=0 type=0 insize=982 outsize=11712 kw=DIRECTIONAL SHADOWS_OFF LIGHTMAP_OFF DIRLIGHTMAP_OFF DYNAMICLIGHTMAP_OFF _EMISSION _NORMALMAP pd= ok=1
Cmd: compileSnippet
  api=0 type=1 insize=982 outsize=6 kw=DIRECTIONAL SHADOWS_OFF LIGHTMAP_OFF DIRLIGHTMAP_OFF DYNAMICLIGHTMAP_OFF _EMISSION _NORMALMAP pd= ok=1
Cmd: compileSnippet
  api=0 type=0 insize=751 outsize=2382 kw=SHADOWS_DEPTH _ALPHABLEND_ON pd= ok=1
Cmd: compileSnippet
  api=0 type=1 insize=751 outsize=6 kw=SHADOWS_DEPTH _ALPHABLEND_ON pd= ok=1
Cmd: compileSnippet
  api=0 type=0 insize=982 outsize=11822 kw=DIRECTIONAL SHADOWS_OFF LIGHTMAP_OFF DIRLIGHTMAP_OFF DYNAMICLIGHTMAP_OFF _EMISSION _ALPHABLEND_ON _NORMALMAP pd= ok=1
Cmd: compileSnippet
  api=0 type=1 insize=982 outsize=6 kw=DIRECTIONAL SHADOWS_OFF LIGHTMAP_OFF DIRLIGHTMAP_OFF DYNAMICLIGHTMAP_OFF _EMISSION _ALPHABLEND_ON _NORMALMAP pd= ok=1
Cmd: compileSnippet
  api=0 type=0 insize=938 outsize=6230 kw=DIRECTIONAL SHADOWS_OFF _ALPHABLEND_ON _NORMALMAP pd= ok=1
Cmd: compileSnippet
  api=0 type=1 insize=938 outsize=6 kw=DIRECTIONAL SHADOWS_OFF _ALPHABLEND_ON _NORMALMAP pd= ok=1
Cmd: compileSnippet
  api=0 type=0 insize=751 outsize=2382 kw=SHADOWS_DEPTH _ALPHAPREMULTIPLY_ON pd= ok=1
Cmd: compileSnippet
  api=0 type=1 insize=751 outsize=6 kw=SHADOWS_DEPTH _ALPHAPREMULTIPLY_ON pd= ok=1
Cmd: compileSnippet
  api=0 type=0 insize=982 outsize=11950 kw=DIRECTIONAL SHADOWS_OFF LIGHTMAP_OFF DIRLIGHTMAP_OFF DYNAMICLIGHTMAP_OFF _EMISSION _ALPHAPREMULTIPLY_ON _NORMALMAP pd= ok=1
Cmd: compileSnippet
  api=0 type=1 insize=982 outsize=6 kw=DIRECTIONAL SHADOWS_OFF LIGHTMAP_OFF DIRLIGHTMAP_OFF DYNAMICLIGHTMAP_OFF _EMISSION _ALPHAPREMULTIPLY_ON _NORMALMAP pd= ok=1
Cmd: compileSnippet
  api=0 type=0 insize=938 outsize=6369 kw=DIRECTIONAL SHADOWS_OFF _ALPHAPREMULTIPLY_ON _NORMALMAP pd= ok=1
Cmd: compileSnippet
  api=0 type=1 insize=938 outsize=6 kw=DIRECTIONAL SHADOWS_OFF _ALPHAPREMULTIPLY_ON _NORMALMAP pd= ok=1
Cmd: compileSnippet
  api=0 type=0 insize=751 outsize=2249 kw=SHADOWS_DEPTH _ALPHATEST_ON pd= ok=1
Cmd: compileSnippet
  api=0 type=1 insize=751 outsize=6 kw=SHADOWS_DEPTH _ALPHATEST_ON pd= ok=1
Cmd: compileSnippet
  api=0 type=0 insize=982 outsize=11866 kw=DIRECTIONAL SHADOWS_OFF LIGHTMAP_OFF DIRLIGHTMAP_OFF DYNAMICLIGHTMAP_OFF _EMISSION _ALPHATEST_ON _NORMALMAP pd= ok=1
Cmd: compileSnippet
  api=0 type=1 insize=982 outsize=6 kw=DIRECTIONAL SHADOWS_OFF LIGHTMAP_OFF DIRLIGHTMAP_OFF DYNAMICLIGHTMAP_OFF _EMISSION _ALPHATEST_ON _NORMALMAP pd= ok=1
Cmd: compileSnippet
  api=0 type=0 insize=938 outsize=6320 kw=DIRECTIONAL SHADOWS_OFF _ALPHATEST_ON _NORMALMAP pd= ok=1
Cmd: compileSnippet
  api=0 type=1 insize=938 outsize=6 kw=DIRECTIONAL SHADOWS_OFF _ALPHATEST_ON _NORMALMAP pd= ok=1
Cmd: compileSnippet
  api=0 type=0 insize=982 outsize=11491 kw=DIRECTIONAL SHADOWS_OFF LIGHTMAP_OFF DIRLIGHTMAP_OFF DYNAMICLIGHTMAP_OFF _EMISSION VERTEXLIGHT_ON pd= ok=1
Cmd: compileSnippet
  api=0 type=0 insize=982 outsize=12065 kw=DIRECTIONAL SHADOWS_SCREEN LIGHTMAP_OFF DIRLIGHTMAP_OFF DYNAMICLIGHTMAP_OFF _NORMALMAP pd= ok=1
Cmd: compileSnippet
  api=0 type=0 insize=982 outsize=13323 kw=DIRECTIONAL SHADOWS_SCREEN LIGHTMAP_OFF DIRLIGHTMAP_OFF DYNAMICLIGHTMAP_OFF VERTEXLIGHT_ON _NORMALMAP pd= ok=1
Cmd: compileSnippet
  api=0 type=0 insize=982 outsize=12970 kw=DIRECTIONAL SHADOWS_OFF LIGHTMAP_OFF DIRLIGHTMAP_OFF DYNAMICLIGHTMAP_OFF _EMISSION VERTEXLIGHT_ON _NORMALMAP pd= ok=1
Cmd: compileSnippet
  api=0 type=1 insize=982 outsize=6 kw=DIRECTIONAL SHADOWS_SCREEN LIGHTMAP_OFF DIRLIGHTMAP_OFF DYNAMICLIGHTMAP_OFF _NORMALMAP pd= ok=1
Cmd: compileSnippet
  api=0 type=0 insize=938 outsize=6691 kw=SPOT SHADOWS_OFF _NORMALMAP pd= ok=1
Cmd: compileSnippet
  api=0 type=0 insize=938 outsize=6436 kw=DIRECTIONAL_COOKIE SHADOWS_OFF _NORMALMAP pd= ok=1
Cmd: compileSnippet
  api=0 type=0 insize=938 outsize=7071 kw=SPOT SHADOWS_DEPTH SHADOWS_NATIVE _NORMALMAP pd= ok=1
Cmd: compileSnippet
  api=0 type=0 insize=938 outsize=7286 kw=POINT SHADOWS_CUBE _NORMALMAP pd= ok=1
Cmd: compileSnippet
  api=0 type=0 insize=938 outsize=7555 kw=SPOT SHADOWS_DEPTH SHADOWS_SOFT SHADOWS_NATIVE _NORMALMAP pd= ok=1
Cmd: compileSnippet
  api=0 type=0 insize=938 outsize=8359 kw=POINT_COOKIE SHADOWS_CUBE SHADOWS_SOFT _NORMALMAP pd= ok=1
Cmd: compileSnippet
  api=0 type=1 insize=938 outsize=6 kw=SPOT SHADOWS_OFF _NORMALMAP pd= ok=1
Cmd: compileSnippet
  api=0 type=1 insize=938 outsize=6 kw=DIRECTIONAL_COOKIE SHADOWS_OFF _NORMALMAP pd= ok=1
Cmd: compileSnippet
  api=0 type=1 insize=938 outsize=6 kw=DIRECTIONAL SHADOWS_SCREEN _NORMALMAP pd= ok=1
Cmd: compileSnippet
  api=0 type=1 insize=938 outsize=6 kw=POINT SHADOWS_CUBE _NORMALMAP pd= ok=1
Cmd: compileSnippet
  api=0 type=1 insize=938 outsize=6 kw=SPOT SHADOWS_DEPTH SHADOWS_SOFT SHADOWS_NATIVE _NORMALMAP pd= ok=1
Cmd: compileSnippet
  api=0 type=1 insize=938 outsize=6 kw=POINT_COOKIE SHADOWS_CUBE SHADOWS_SOFT _NORMALMAP pd= ok=1
Cmd: compileSnippet
  api=0 type=0 insize=1152 outsize=5692 kw=LIGHTMAP_OFF DIRLIGHTMAP_OFF DYNAMICLIGHTMAP_OFF _NORMALMAP pd= ok=1
Cmd: compileSnippet
  api=0 type=0 insize=1152 outsize=5443 kw=LIGHTMAP_OFF DIRLIGHTMAP_COMBINED DYNAMICLIGHTMAP_OFF _EMISSION pd= ok=1
Cmd: compileSnippet
  api=0 type=0 insize=1152 outsize=5890 kw=LIGHTMAP_OFF DIRLIGHTMAP_COMBINED DYNAMICLIGHTMAP_OFF _EMISSION _NORMALMAP pd= ok=1
Cmd: compileSnippet
  api=0 type=0 insize=1152 outsize=5692 kw=LIGHTMAP_OFF DIRLIGHTMAP_SEPARATE DYNAMICLIGHTMAP_OFF _NORMALMAP pd= ok=1
Cmd: compileSnippet
  api=0 type=0 insize=1152 outsize=4341 kw=LIGHTMAP_OFF DIRLIGHTMAP_OFF DYNAMICLIGHTMAP_OFF _EMISSION UNITY_HDR_ON pd= ok=1
Cmd: compileSnippet
  api=0 type=0 insize=1152 outsize=5683 kw=LIGHTMAP_OFF DIRLIGHTMAP_OFF DYNAMICLIGHTMAP_OFF UNITY_HDR_ON _NORMALMAP pd= ok=1
Cmd: compileSnippet
  api=0 type=0 insize=1152 outsize=5372 kw=LIGHTMAP_OFF DIRLIGHTMAP_COMBINED DYNAMICLIGHTMAP_OFF _EMISSION UNITY_HDR_ON pd= ok=1
Cmd: compileSnippet
  api=0 type=0 insize=1152 outsize=5818 kw=LIGHTMAP_OFF DIRLIGHTMAP_COMBINED DYNAMICLIGHTMAP_OFF _EMISSION UNITY_HDR_ON _NORMALMAP pd= ok=1
Cmd: compileSnippet
  api=0 type=0 insize=1152 outsize=5683 kw=LIGHTMAP_OFF DIRLIGHTMAP_SEPARATE DYNAMICLIGHTMAP_OFF UNITY_HDR_ON _NORMALMAP pd= ok=1
Cmd: compileSnippet
  api=0 type=1 insize=1152 outsize=6 kw=LIGHTMAP_OFF DIRLIGHTMAP_OFF DYNAMICLIGHTMAP_OFF _NORMALMAP pd= ok=1
Cmd: compileSnippet
  api=0 type=1 insize=1152 outsize=6 kw=LIGHTMAP_OFF DIRLIGHTMAP_COMBINED DYNAMICLIGHTMAP_OFF _EMISSION pd= ok=1
Cmd: compileSnippet
  api=0 type=1 insize=1152 outsize=6 kw=LIGHTMAP_OFF DIRLIGHTMAP_COMBINED DYNAMICLIGHTMAP_OFF _EMISSION _NORMALMAP pd= ok=1
Cmd: compileSnippet
  api=0 type=1 insize=1152 outsize=6 kw=LIGHTMAP_OFF DIRLIGHTMAP_SEPARATE DYNAMICLIGHTMAP_OFF _NORMALMAP pd= ok=1
Cmd: compileSnippet
  api=0 type=1 insize=1152 outsize=6 kw=LIGHTMAP_OFF DIRLIGHTMAP_OFF DYNAMICLIGHTMAP_OFF _EMISSION UNITY_HDR_ON pd= ok=1
Cmd: compileSnippet
  api=0 type=1 insize=1152 outsize=6 kw=LIGHTMAP_OFF DIRLIGHTMAP_OFF DYNAMICLIGHTMAP_OFF _EMISSION UNITY_HDR_ON _NORMALMAP pd= ok=1
Cmd: compileSnippet
  api=0 type=1 insize=1152 outsize=6 kw=LIGHTMAP_OFF DIRLIGHTMAP_COMBINED DYNAMICLIGHTMAP_OFF UNITY_HDR_ON _NORMALMAP pd= ok=1
Cmd: compileSnippet
  api=0 type=1 insize=1152 outsize=6 kw=LIGHTMAP_OFF DIRLIGHTMAP_SEPARATE DYNAMICLIGHTMAP_OFF _EMISSION UNITY_HDR_ON pd= ok=1
Cmd: compileSnippet
  api=0 type=1 insize=1152 outsize=6 kw=LIGHTMAP_OFF DIRLIGHTMAP_SEPARATE DYNAMICLIGHTMAP_OFF _EMISSION UNITY_HDR_ON _NORMALMAP pd= ok=1
Cmd: compileSnippet
  api=0 type=0 insize=886 outsize=5312 kw=DIRECTIONAL SHADOWS_OFF LIGHTMAP_OFF DIRLIGHTMAP_OFF DYNAMICLIGHTMAP_OFF _EMISSION pd= ok=1
Cmd: compileSnippet
  api=0 type=0 insize=886 outsize=6570 kw=DIRECTIONAL SHADOWS_OFF LIGHTMAP_OFF DIRLIGHTMAP_OFF DYNAMICLIGHTMAP_OFF _EMISSION VERTEXLIGHT_ON pd= ok=1
Cmd: compileSnippet
  api=0 type=0 insize=886 outsize=6538 kw=DIRECTIONAL SHADOWS_OFF LIGHTMAP_OFF DIRLIGHTMAP_OFF DYNAMICLIGHTMAP_OFF _NORMALMAP pd= ok=1
Cmd: compileSnippet
  api=0 type=0 insize=886 outsize=7796 kw=DIRECTIONAL SHADOWS_OFF LIGHTMAP_OFF DIRLIGHTMAP_OFF DYNAMICLIGHTMAP_OFF VERTEXLIGHT_ON _NORMALMAP pd= ok=1
Cmd: compileSnippet
  api=0 type=0 insize=886 outsize=6652 kw=DIRECTIONAL SHADOWS_OFF LIGHTMAP_OFF DIRLIGHTMAP_OFF DYNAMICLIGHTMAP_OFF _EMISSION _NORMALMAP pd= ok=1
Cmd: compileSnippet
  api=0 type=0 insize=886 outsize=7910 kw=DIRECTIONAL SHADOWS_OFF LIGHTMAP_OFF DIRLIGHTMAP_OFF DYNAMICLIGHTMAP_OFF _EMISSION VERTEXLIGHT_ON _NORMALMAP pd= ok=1
Cmd: compileSnippet
  api=0 type=1 insize=886 outsize=6 kw=DIRECTIONAL SHADOWS_OFF LIGHTMAP_OFF DIRLIGHTMAP_OFF DYNAMICLIGHTMAP_OFF _EMISSION pd= ok=1
Cmd: compileSnippet
  api=0 type=1 insize=886 outsize=6 kw=DIRECTIONAL SHADOWS_SCREEN LIGHTMAP_OFF DIRLIGHTMAP_OFF DYNAMICLIGHTMAP_OFF _NORMALMAP pd= ok=1
Cmd: compileSnippet
  api=0 type=1 insize=886 outsize=6 kw=DIRECTIONAL SHADOWS_SCREEN LIGHTMAP_OFF DIRLIGHTMAP_OFF DYNAMICLIGHTMAP_OFF _EMISSION _NORMALMAP pd= ok=1
Cmd: compileSnippet
  api=0 type=0 insize=816 outsize=4861 kw=DIRECTIONAL SHADOWS_OFF _NORMALMAP pd= ok=1
Cmd: compileSnippet
  api=0 type=0 insize=816 outsize=5296 kw=SPOT SHADOWS_OFF _NORMALMAP pd= ok=1
Cmd: compileSnippet
  api=0 type=0 insize=816 outsize=5095 kw=DIRECTIONAL_COOKIE SHADOWS_OFF _NORMALMAP pd= ok=1
Cmd: compileSnippet
  api=0 type=0 insize=816 outsize=5292 kw=DIRECTIONAL SHADOWS_SCREEN _NORMALMAP pd= ok=1
Cmd: compileSnippet
  api=0 type=0 insize=816 outsize=5901 kw=POINT SHADOWS_CUBE _NORMALMAP pd= ok=1
Cmd: compileSnippet
  api=0 type=1 insize=816 outsize=6 kw=POINT SHADOWS_OFF _NORMALMAP pd= ok=1
Cmd: compileSnippet
  api=0 type=1 insize=816 outsize=6 kw=SPOT SHADOWS_OFF _NORMALMAP pd= ok=1
Cmd: compileSnippet
  api=0 type=1 insize=816 outsize=6 kw=DIRECTIONAL_COOKIE SHADOWS_OFF _NORMALMAP pd= ok=1
Cmd: compileSnippet
  api=0 type=1 insize=816 outsize=6 kw=DIRECTIONAL SHADOWS_SCREEN _NORMALMAP pd= ok=1
Cmd: compileSnippet
  api=0 type=1 insize=816 outsize=6 kw=POINT_COOKIE SHADOWS_CUBE _NORMALMAP pd= ok=1
